Linked: (/home/ubuntu/Desktop/catkin_ws/devel/.private/wiimote/include/wiimote/IrSourceInfo.h, /home/ubuntu/Desktop/catkin_ws/devel/include/wiimote/IrSourceInfo.h)
Linked: (/home/ubuntu/Desktop/catkin_ws/devel/.private/wiimote/include/wiimote/State.h, /home/ubuntu/Desktop/catkin_ws/devel/include/wiimote/State.h)
Linked: (/home/ubuntu/Desktop/catkin_ws/devel/.private/wiimote/include/wiimote/TimedSwitch.h, /home/ubuntu/Desktop/catkin_ws/devel/include/wiimote/TimedSwitch.h)
Linked: (/home/ubuntu/Desktop/catkin_ws/devel/.private/wiimote/lib/pkgconfig/wiimote.pc, /home/ubuntu/Desktop/catkin_ws/devel/lib/pkgconfig/wiimote.pc)
Linked: (/home/ubuntu/Desktop/catkin_ws/devel/.private/wiimote/lib/wiimote/feedbackTester.py, /home/ubuntu/Desktop/catkin_ws/devel/lib/wiimote/feedbackTester.py)
Linked: (/home/ubuntu/Desktop/catkin_ws/devel/.private/wiimote/lib/wiimote/wiimote_node, /home/ubuntu/Desktop/catkin_ws/devel/lib/wiimote/wiimote_node)
Linked: (/home/ubuntu/Desktop/catkin_ws/devel/.private/wiimote/lib/wiimote/cmake.lock, /home/ubuntu/Desktop/catkin_ws/devel/lib/wiimote/cmake.lock)
Linked: (/home/ubuntu/Desktop/catkin_ws/devel/.private/wiimote/lib/wiimote/teleop_wiimote, /home/ubuntu/Desktop/catkin_ws/devel/lib/wiimote/teleop_wiimote)
Linked: (/home/ubuntu/Desktop/catkin_ws/devel/.private/wiimote/lib/wiimote/wiimote_node.py, /home/ubuntu/Desktop/catkin_ws/devel/lib/wiimote/wiimote_node.py)
Linked: (/home/ubuntu/Desktop/catkin_ws/devel/.private/wiimote/lib/python3/dist-packages/wiimote/__init__.py, /home/ubuntu/Desktop/catkin_ws/devel/lib/python3/dist-packages/wiimote/__init__.py)
Linked: (/home/ubuntu/Desktop/catkin_ws/devel/.private/wiimote/lib/python3/dist-packages/wiimote/msg/_TimedSwitch.py, /home/ubuntu/Desktop/catkin_ws/devel/lib/python3/dist-packages/wiimote/msg/_TimedSwitch.py)
Linked: (/home/ubuntu/Desktop/catkin_ws/devel/.private/wiimote/lib/python3/dist-packages/wiimote/msg/_State.py, /home/ubuntu/Desktop/catkin_ws/devel/lib/python3/dist-packages/wiimote/msg/_State.py)
Linked: (/home/ubuntu/Desktop/catkin_ws/devel/.private/wiimote/lib/python3/dist-packages/wiimote/msg/__init__.py, /home/ubuntu/Desktop/catkin_ws/devel/lib/python3/dist-packages/wiimote/msg/__init__.py)
Linked: (/home/ubuntu/Desktop/catkin_ws/devel/.private/wiimote/lib/python3/dist-packages/wiimote/msg/_IrSourceInfo.py, /home/ubuntu/Desktop/catkin_ws/devel/lib/python3/dist-packages/wiimote/msg/_IrSourceInfo.py)
Linked: (/home/ubuntu/Desktop/catkin_ws/devel/.private/wiimote/share/roseus/ros/wiimote/manifest.l, /home/ubuntu/Desktop/catkin_ws/devel/share/roseus/ros/wiimote/manifest.l)
Linked: (/home/ubuntu/Desktop/catkin_ws/devel/.private/wiimote/share/roseus/ros/wiimote/msg/State.l, /home/ubuntu/Desktop/catkin_ws/devel/share/roseus/ros/wiimote/msg/State.l)
Linked: (/home/ubuntu/Desktop/catkin_ws/devel/.private/wiimote/share/roseus/ros/wiimote/msg/TimedSwitch.l, /home/ubuntu/Desktop/catkin_ws/devel/share/roseus/ros/wiimote/msg/TimedSwitch.l)
Linked: (/home/ubuntu/Desktop/catkin_ws/devel/.private/wiimote/share/roseus/ros/wiimote/msg/IrSourceInfo.l, /home/ubuntu/Desktop/catkin_ws/devel/share/roseus/ros/wiimote/msg/IrSourceInfo.l)
Linked: (/home/ubuntu/Desktop/catkin_ws/devel/.private/wiimote/share/common-lisp/ros/wiimote/msg/IrSourceInfo.lisp, /home/ubuntu/Desktop/catkin_ws/devel/share/common-lisp/ros/wiimote/msg/IrSourceInfo.lisp)
Linked: (/home/ubuntu/Desktop/catkin_ws/devel/.private/wiimote/share/common-lisp/ros/wiimote/msg/_package_IrSourceInfo.lisp, /home/ubuntu/Desktop/catkin_ws/devel/share/common-lisp/ros/wiimote/msg/_package_IrSourceInfo.lisp)
Linked: (/home/ubuntu/Desktop/catkin_ws/devel/.private/wiimote/share/common-lisp/ros/wiimote/msg/State.lisp, /home/ubuntu/Desktop/catkin_ws/devel/share/common-lisp/ros/wiimote/msg/State.lisp)
Linked: (/home/ubuntu/Desktop/catkin_ws/devel/.private/wiimote/share/common-lisp/ros/wiimote/msg/_package_TimedSwitch.lisp, /home/ubuntu/Desktop/catkin_ws/devel/share/common-lisp/ros/wiimote/msg/_package_TimedSwitch.lisp)
Linked: (/home/ubuntu/Desktop/catkin_ws/devel/.private/wiimote/share/common-lisp/ros/wiimote/msg/_package_State.lisp, /home/ubuntu/Desktop/catkin_ws/devel/share/common-lisp/ros/wiimote/msg/_package_State.lisp)
Linked: (/home/ubuntu/Desktop/catkin_ws/devel/.private/wiimote/share/common-lisp/ros/wiimote/msg/_package.lisp, /home/ubuntu/Desktop/catkin_ws/devel/share/common-lisp/ros/wiimote/msg/_package.lisp)
Linked: (/home/ubuntu/Desktop/catkin_ws/devel/.private/wiimote/share/common-lisp/ros/wiimote/msg/wiimote-msg.asd, /home/ubuntu/Desktop/catkin_ws/devel/share/common-lisp/ros/wiimote/msg/wiimote-msg.asd)
Linked: (/home/ubuntu/Desktop/catkin_ws/devel/.private/wiimote/share/common-lisp/ros/wiimote/msg/TimedSwitch.lisp, /home/ubuntu/Desktop/catkin_ws/devel/share/common-lisp/ros/wiimote/msg/TimedSwitch.lisp)
Linked: (/home/ubuntu/Desktop/catkin_ws/devel/.private/wiimote/share/wiimote/cmake/wiimote-msg-extras.cmake, /home/ubuntu/Desktop/catkin_ws/devel/share/wiimote/cmake/wiimote-msg-extras.cmake)
Linked: (/home/ubuntu/Desktop/catkin_ws/devel/.private/wiimote/share/wiimote/cmake/wiimoteConfig.cmake, /home/ubuntu/Desktop/catkin_ws/devel/share/wiimote/cmake/wiimoteConfig.cmake)
Linked: (/home/ubuntu/Desktop/catkin_ws/devel/.private/wiimote/share/wiimote/cmake/wiimoteConfig-version.cmake, /home/ubuntu/Desktop/catkin_ws/devel/share/wiimote/cmake/wiimoteConfig-version.cmake)
Linked: (/home/ubuntu/Desktop/catkin_ws/devel/.private/wiimote/share/wiimote/cmake/wiimote-msg-paths.cmake, /home/ubuntu/Desktop/catkin_ws/devel/share/wiimote/cmake/wiimote-msg-paths.cmake)
Linked: (/home/ubuntu/Desktop/catkin_ws/devel/.private/wiimote/share/gennodejs/ros/wiimote/_index.js, /home/ubuntu/Desktop/catkin_ws/devel/share/gennodejs/ros/wiimote/_index.js)
Linked: (/home/ubuntu/Desktop/catkin_ws/devel/.private/wiimote/share/gennodejs/ros/wiimote/msg/_index.js, /home/ubuntu/Desktop/catkin_ws/devel/share/gennodejs/ros/wiimote/msg/_index.js)
Linked: (/home/ubuntu/Desktop/catkin_ws/devel/.private/wiimote/share/gennodejs/ros/wiimote/msg/IrSourceInfo.js, /home/ubuntu/Desktop/catkin_ws/devel/share/gennodejs/ros/wiimote/msg/IrSourceInfo.js)
Linked: (/home/ubuntu/Desktop/catkin_ws/devel/.private/wiimote/share/gennodejs/ros/wiimote/msg/TimedSwitch.js, /home/ubuntu/Desktop/catkin_ws/devel/share/gennodejs/ros/wiimote/msg/TimedSwitch.js)
Linked: (/home/ubuntu/Desktop/catkin_ws/devel/.private/wiimote/share/gennodejs/ros/wiimote/msg/State.js, /home/ubuntu/Desktop/catkin_ws/devel/share/gennodejs/ros/wiimote/msg/State.js)
